[Sun Jun  1 20:51:19 2025] Waiting for activation...
[Sun Jun  1 20:51:19 2025] Ativado!
[Sun Jun  1 20:51:19 2025] State machine creation...
[Sun Jun  1 20:51:19 2025] Object YoloCtrl created.
[Sun Jun  1 20:51:19 2025] Threads initialization...
[Sun Jun  1 20:51:19 2025] Threads initialized
[Sun Jun  1 20:51:19 2025] State Machine created
[Sun Jun  1 20:51:19 2025] Starting thrusters...
[Sun Jun  1 20:51:19 2025] Velocidade: 0.000000, 0.000000, 0.000000
[Sun Jun  1 20:51:19 2025] Velocidade: 0.041900, 0.041900, 0.041900
[Sun Jun  1 20:51:19 2025] Velocidade: 1.408395, 1.408395, 1.408395
[Sun Jun  1 20:51:19 2025] Velocidade: 2.853724, 2.853724, 2.853724
[Sun Jun  1 20:51:19 2025] Velocidade: 4.338521, 4.338521, 4.338521
[Sun Jun  1 20:51:19 2025] Velocidade: 5.861210, 5.861210, 5.861210
[Sun Jun  1 20:51:19 2025] Velocidade: 7.370397, 7.370397, 7.370397
[Sun Jun  1 20:51:19 2025] Velocidade: 8.879564, 8.879564, 8.879564
[Sun Jun  1 20:51:20 2025] Velocidade: 10.389069, 10.389069, 10.389069
[Sun Jun  1 20:51:20 2025] Velocidade: 11.896753, 11.896753, 11.896753
[Sun Jun  1 20:51:20 2025] Velocidade: 13.418780, 13.418780, 13.418780
[Sun Jun  1 20:51:20 2025] Velocidade: 14.945680, 14.945680, 14.945680
[Sun Jun  1 20:51:20 2025] Velocidade: 16.468702, 16.468702, 16.468702
[Sun Jun  1 20:51:20 2025] Velocidade: 17.991130, 17.991130, 17.991130
[Sun Jun  1 20:51:20 2025] Velocidade: 19.509880, 19.509880, 19.509880
[Sun Jun  1 20:51:20 2025] Velocidade: 21.031362, 21.031362, 21.031362
[Sun Jun  1 20:51:20 2025] Velocidade: 22.552748, 22.552748, 22.552748
[Sun Jun  1 20:51:20 2025] Velocidade: 24.074877, 24.074877, 24.074877
[Sun Jun  1 20:51:21 2025] Velocidade: 25.595802, 25.595802, 25.595802
[Sun Jun  1 20:51:21 2025] Velocidade: 27.116851, 27.116851, 27.116851
[Sun Jun  1 20:51:21 2025] Velocidade: 28.639040, 28.639040, 28.639040
[Sun Jun  1 20:51:21 2025] Velocidade: 30.160954, 30.160954, 30.160954
[Sun Jun  1 20:51:21 2025] Velocidade: 31.675391, 31.675391, 31.675391
[Sun Jun  1 20:51:21 2025] Velocidade: 33.186107, 33.186107, 33.186107
[Sun Jun  1 20:51:21 2025] Velocidade: 34.693634, 34.693634, 34.693634
[Sun Jun  1 20:51:21 2025] Velocidade: 36.204053, 36.204053, 36.204053
[Sun Jun  1 20:51:21 2025] Velocidade: 37.717628, 37.717628, 37.717628
[Sun Jun  1 20:51:22 2025] Velocidade: 39.228454, 39.228454, 39.228454
[Sun Jun  1 20:51:22 2025] Velocidade: 40.735967, 40.735967, 40.735967
[Sun Jun  1 20:51:22 2025] Velocidade: 42.247010, 42.247010, 42.247010
[Sun Jun  1 20:51:22 2025] Velocidade: 43.755138, 43.755138, 43.755138
[Sun Jun  1 20:51:22 2025] Velocidade: 45.265857, 45.265857, 45.265857
[Sun Jun  1 20:51:22 2025] Velocidade: 46.774589, 46.774589, 46.774589
[Sun Jun  1 20:51:22 2025] Velocidade: 48.284780, 48.284780, 48.284780
[Sun Jun  1 20:51:22 2025] Velocidade: 49.792912, 49.792912, 49.792912
[Sun Jun  1 20:51:22 2025] Velocidade: 51.303896, 51.303896, 51.303896
[Sun Jun  1 20:51:22 2025] Velocidade: 52.811919, 52.811919, 52.811919
[Sun Jun  1 20:51:23 2025] Velocidade: 54.322847, 54.322847, 54.322847
[Sun Jun  1 20:51:23 2025] Velocidade: 55.844406, 55.844406, 55.844406
[Sun Jun  1 20:51:23 2025] Velocidade: 57.379291, 57.379291, 57.379291
[Sun Jun  1 20:51:23 2025] Velocidade: 58.905965, 58.905965, 58.905965
[Sun Jun  1 20:51:23 2025] Velocidade: 60.442307, 60.442307, 60.442307
[Sun Jun  1 20:51:23 2025] Velocidade: 61.973485, 61.973485, 61.973485
[Sun Jun  1 20:51:23 2025] Velocidade: 63.510158, 63.510158, 63.510158
[Sun Jun  1 20:51:23 2025] Velocidade: 65.037524, 65.037524, 65.037524
[Sun Jun  1 20:51:23 2025] Velocidade: 66.574046, 66.574046, 66.574046
[Sun Jun  1 20:51:23 2025] Velocidade: 68.101437, 68.101437, 68.101437
[Sun Jun  1 20:51:24 2025] Velocidade: 69.637212, 69.637212, 69.637212
[Sun Jun  1 20:51:24 2025] Velocidade: 71.164274, 71.164274, 71.164274
[Sun Jun  1 20:51:24 2025] Velocidade: 72.698655, 72.698655, 72.698655
[Sun Jun  1 20:51:24 2025] Velocidade: 74.233512, 74.233512, 74.233512
[Sun Jun  1 20:51:24 2025] Velocidade: 75.759847, 75.759847, 75.759847
[Sun Jun  1 20:51:24 2025] Velocidade: 77.296644, 77.296644, 77.296644
[Sun Jun  1 20:51:24 2025] Velocidade: 78.829998, 78.829998, 78.829998
[Sun Jun  1 20:51:24 2025] Velocidade: 80.367163, 80.367163, 80.367163
[Sun Jun  1 20:51:24 2025] Velocidade: 81.899902, 81.899902, 81.899902
[Sun Jun  1 20:51:25 2025] Velocidade: 83.427949, 83.427949, 83.427949
[Sun Jun  1 20:51:25 2025] Velocidade: 84.954803, 84.954803, 84.954803
[Sun Jun  1 20:51:25 2025] Velocidade: 86.482154, 86.482154, 86.482154
[Sun Jun  1 20:51:25 2025] Velocidade: 88.017195, 88.017195, 88.017195
[Sun Jun  1 20:51:25 2025] Velocidade: 89.544518, 89.544518, 89.544518
[Sun Jun  1 20:51:25 2025] Velocidade: 91.079257, 91.079257, 91.079257
[Sun Jun  1 20:51:25 2025] Velocidade: 92.615522, 92.615522, 92.615522
[Sun Jun  1 20:51:25 2025] Velocidade: 94.150508, 94.150508, 94.150508
[Sun Jun  1 20:51:25 2025] Velocidade: 95.687370, 95.687370, 95.687370
[Sun Jun  1 20:51:25 2025] Velocidade: 97.216640, 97.216640, 97.216640
[Sun Jun  1 20:51:26 2025] Velocidade: 98.752692, 98.752692, 98.752692
[Sun Jun  1 20:51:26 2025] Velocidade: 100.280640, 100.280640, 100.280640
[Sun Jun  1 20:51:26 2025] Action: NONE, Power: 0
[Sun Jun  1 20:51:26 2025] Velocidade: 101.807726, 101.807726, 101.807726
[Sun Jun  1 20:51:26 2025] Velocidade: 103.343468, 103.343468, 103.343468
[Sun Jun  1 20:51:26 2025] Velocidade: 104.872020, 104.872020, 104.872020
[Sun Jun  1 20:51:26 2025] Velocidade: 106.409467, 106.409467, 106.409467
[Sun Jun  1 20:51:26 2025] Engines thrusters
[Sun Jun  1 20:51:26 2025] Checking transition...
[Sun Jun  1 20:51:26 2025] Transitioning from INIT to SEARCH
[Sun Jun  1 20:51:26 2025] Searching...
[Sun Jun  1 20:51:26 2025] Action: DOWN, Power: 10
[Sun Jun  1 20:51:26 2025] Velocidade: 107.946023, 107.946023, 107.946023
[Sun Jun  1 20:51:26 2025] Velocidade: 109.477055, 109.477055, 109.477055
[Sun Jun  1 20:51:26 2025] Velocidade: 111.012029, 111.012029, 111.012029
[Sun Jun  1 20:51:26 2025] Velocidade: 112.547640, 112.547640, 112.547640
[Sun Jun  1 20:51:27 2025] Velocidade: 114.077373, 114.077373, 114.077373
[Sun Jun  1 20:51:27 2025] Velocidade: 115.606198, 115.606198, 115.606198
[Sun Jun  1 20:51:27 2025] Velocidade: 117.142260, 117.142260, 117.142260
[Sun Jun  1 20:51:27 2025] Velocidade: 118.677897, 118.677897, 118.677897
[Sun Jun  1 20:51:27 2025] Velocidade: 120.205123, 120.205123, 120.205123
[Sun Jun  1 20:51:27 2025] Velocidade: 121.746606, 121.746606, 121.746606
[Sun Jun  1 20:51:27 2025] Velocidade: 123.277369, 123.277369, 123.277369
[Sun Jun  1 20:51:27 2025] Velocidade: 124.813009, 124.813009, 124.813009
[Sun Jun  1 20:51:27 2025] Velocidade: 126.341172, 126.341172, 126.341172
[Sun Jun  1 20:51:28 2025] Velocidade: 127.876764, 127.876764, 127.876764
[Sun Jun  1 20:51:28 2025] Velocidade: 129.411700, 129.411700, 129.411700
[Sun Jun  1 20:51:28 2025] Velocidade: 130.940199, 130.940199, 130.940199
[Sun Jun  1 20:51:28 2025] Velocidade: 132.475467, 132.475467, 132.475467
[Sun Jun  1 20:51:28 2025] Velocidade: 134.011061, 134.011061, 134.011061
[Sun Jun  1 20:51:28 2025] Velocidade: 135.548545, 135.548545, 135.548545
[Sun Jun  1 20:51:28 2025] Velocidade: 137.082955, 137.082955, 137.082955
[Sun Jun  1 20:51:28 2025] Velocidade: 138.610075, 138.610075, 138.610075
[Sun Jun  1 20:51:28 2025] Velocidade: 140.137877, 140.137877, 140.137877
[Sun Jun  1 20:51:28 2025] Action: NONE, Power: 0
[Sun Jun  1 20:51:28 2025] Velocidade: 141.673150, 141.673150, 141.673150
[Sun Jun  1 20:51:29 2025] Velocidade: 143.215679, 143.215679, 143.215679
[Sun Jun  1 20:51:29 2025] Velocidade: 144.751463, 144.751463, 144.751463
[Sun Jun  1 20:51:29 2025] Velocidade: 146.279607, 146.279607, 146.279607
[Sun Jun  1 20:51:29 2025] Action: TURNLEFT, Power: 36
[Sun Jun  1 20:51:29 2025] Velocidade: 147.806899, 147.806899, 147.806899
[Sun Jun  1 20:51:29 2025] Velocidade: 149.337929, 149.337929, 149.337929
[Sun Jun  1 20:51:29 2025] Velocidade: 150.873240, 150.873240, 150.873240
[Sun Jun  1 20:51:29 2025] Action: TURNLEFT, Power: 36
[Sun Jun  1 20:51:29 2025] Velocidade: 152.401543, 152.401543, 152.401543
[Sun Jun  1 20:51:29 2025] Velocidade: 153.934942, 153.934942, 153.934942
[Sun Jun  1 20:51:29 2025] Velocidade: 155.469896, 155.469896, 155.469896
[Sun Jun  1 20:51:29 2025] Action: TURNLEFT, Power: 36
[Sun Jun  1 20:51:30 2025] Velocidade: 156.998513, 156.998513, 156.998513
[Sun Jun  1 20:51:30 2025] Velocidade: 158.533285, 158.533285, 158.533285
[Sun Jun  1 20:51:30 2025] Velocidade: 160.061087, 160.061087, 160.061087
[Sun Jun  1 20:51:30 2025] Velocidade: 161.605709, 161.605709, 161.605709
[Sun Jun  1 20:51:30 2025] Action: TURNLEFT, Power: 36
[Sun Jun  1 20:51:30 2025] Velocidade: 163.138274, 163.138274, 163.138274
[Sun Jun  1 20:51:30 2025] Velocidade: 164.670844, 164.670844, 164.670844
[Sun Jun  1 20:51:30 2025] Velocidade: 166.195834, 166.195834, 166.195834
[Sun Jun  1 20:51:30 2025] Action: TURNLEFT, Power: 36
[Sun Jun  1 20:51:30 2025] Velocidade: 167.731135, 167.731135, 167.731135
[Sun Jun  1 20:51:30 2025] Velocidade: 169.266562, 169.266562, 169.266562
[Sun Jun  1 20:51:30 2025] Velocidade: 170.805320, 170.805320, 170.805320
[Sun Jun  1 20:51:31 2025] Action: TURNLEFT, Power: 36
[Sun Jun  1 20:51:31 2025] Velocidade: 172.344232, 172.344232, 172.344232
[Sun Jun  1 20:51:31 2025] Velocidade: 173.880809, 173.880809, 173.880809
[Sun Jun  1 20:51:31 2025] Velocidade: 175.417991, 175.417991, 175.417991
[Sun Jun  1 20:51:31 2025] Velocidade: 176.949150, 176.949150, 176.949150
[Sun Jun  1 20:51:31 2025] Action: TURNLEFT, Power: 36
[Sun Jun  1 20:51:31 2025] Velocidade: 178.485627, 178.485627, 178.485627
[Sun Jun  1 20:51:31 2025] Velocidade: 180.017127, 180.017127, 180.017127
[Sun Jun  1 20:51:31 2025] Velocidade: 181.544726, 181.544726, 181.544726
[Sun Jun  1 20:51:31 2025] Action: TURNLEFT, Power: 36
[Sun Jun  1 20:51:31 2025] Velocidade: 183.080662, 183.080662, 183.080662
[Sun Jun  1 20:51:31 2025] Velocidade: 184.617058, 184.617058, 184.617058
[Sun Jun  1 20:51:31 2025] Velocidade: 186.152255, 186.152255, 186.152255
[Sun Jun  1 20:51:32 2025] Action: TURNLEFT, Power: 36
[Sun Jun  1 20:51:32 2025] Velocidade: 187.704707, 187.704707, 187.704707
[Sun Jun  1 20:51:32 2025] Velocidade: 189.274061, 189.274061, 189.274061
[Sun Jun  1 20:51:32 2025] Velocidade: 190.842789, 190.842789, 190.842789
[Sun Jun  1 20:51:32 2025] Velocidade: 192.407253, 192.407253, 192.407253
[Sun Jun  1 20:51:32 2025] Action: TURNLEFT, Power: 36
[Sun Jun  1 20:51:32 2025] Velocidade: 193.959464, 193.959464, 193.959464
[Sun Jun  1 20:51:32 2025] Velocidade: 195.516300, 195.516300, 195.516300
[Sun Jun  1 20:51:32 2025] Velocidade: 197.065859, 197.065859, 197.065859
[Sun Jun  1 20:51:32 2025] Action: TURNLEFT, Power: 36
[Sun Jun  1 20:51:32 2025] Velocidade: 198.602346, 198.602346, 198.602346
[Sun Jun  1 20:51:32 2025] Velocidade: 200.133670, 200.133670, 200.133670
[Sun Jun  1 20:51:33 2025] Velocidade: 201.690826, 201.690826, 201.690826
[Sun Jun  1 20:51:33 2025] Action: TURNLEFT, Power: 36
[Sun Jun  1 20:51:33 2025] Velocidade: 203.254262, 203.254262, 203.254262
[Sun Jun  1 20:51:33 2025] Velocidade: 204.800658, 204.800658, 204.800658
[Sun Jun  1 20:51:33 2025] Velocidade: 206.345327, 206.345327, 206.345327
[Sun Jun  1 20:51:33 2025] Velocidade: 207.887595, 207.887595, 207.887595
[Sun Jun  1 20:51:33 2025] Action: TURNLEFT, Power: 36
[Sun Jun  1 20:51:33 2025] Velocidade: 209.426869, 209.426869, 209.426869
[Sun Jun  1 20:51:33 2025] Velocidade: 210.964593, 210.964593, 210.964593
[Sun Jun  1 20:51:33 2025] Velocidade: 212.497147, 212.497147, 212.497147
[Sun Jun  1 20:51:33 2025] Action: TURNLEFT, Power: 36
[Sun Jun  1 20:51:33 2025] Velocidade: 214.024198, 214.024198, 214.024198
[Sun Jun  1 20:51:33 2025] Velocidade: 215.551976, 215.551976, 215.551976
[Sun Jun  1 20:51:34 2025] Velocidade: 217.081112, 217.081112, 217.081112
[Sun Jun  1 20:51:34 2025] Velocidade: 218.615989, 218.615989, 218.615989
[Sun Jun  1 20:51:34 2025] Action: TURNLEFT, Power: 36
[Sun Jun  1 20:51:34 2025] Velocidade: 220.150201, 220.150201, 220.150201
[Sun Jun  1 20:51:34 2025] Velocidade: 221.677064, 221.677064, 221.677064
[Sun Jun  1 20:51:34 2025] Velocidade: 223.211615, 223.211615, 223.211615
[Sun Jun  1 20:51:34 2025] Action: TURNLEFT, Power: 36
[Sun Jun  1 20:51:34 2025] Velocidade: 224.747879, 224.747879, 224.747879
[Sun Jun  1 20:51:34 2025] Velocidade: 226.284986, 226.284986, 226.284986
[Sun Jun  1 20:51:34 2025] Velocidade: 227.822948, 227.822948, 227.822948
[Sun Jun  1 20:51:34 2025] Action: TURNLEFT, Power: 36
[Sun Jun  1 20:51:34 2025] Velocidade: 229.359641, 229.359641, 229.359641
[Sun Jun  1 20:51:35 2025] Velocidade: 230.896459, 230.896459, 230.896459
[Sun Jun  1 20:51:35 2025] Velocidade: 232.425087, 232.425087, 232.425087
[Sun Jun  1 20:51:35 2025] Velocidade: 233.959516, 233.959516, 233.959516
[Sun Jun  1 20:51:35 2025] Action: TURNLEFT, Power: 36
[Sun Jun  1 20:51:35 2025] Velocidade: 235.494985, 235.494985, 235.494985
[Sun Jun  1 20:51:35 2025] Velocidade: 237.031055, 237.031055, 237.031055
[Sun Jun  1 20:51:35 2025] Velocidade: 238.560264, 238.560264, 238.560264
[Sun Jun  1 20:51:35 2025] Action: TURNLEFT, Power: 36
[Sun Jun  1 20:51:35 2025] Velocidade: 240.095200, 240.095200, 240.095200
[Sun Jun  1 20:51:35 2025] Velocidade: 241.629725, 241.629725, 241.629725
[Sun Jun  1 20:51:35 2025] Velocidade: 243.156753, 243.156753, 243.156753
[Sun Jun  1 20:51:35 2025] Action: TURNLEFT, Power: 36
[Sun Jun  1 20:51:35 2025] Velocidade: 244.693714, 244.693714, 244.693714
[Sun Jun  1 20:51:36 2025] Velocidade: 246.229623, 246.229623, 246.229623
[Sun Jun  1 20:51:36 2025] Velocidade: 247.761088, 247.761088, 247.761088
[Sun Jun  1 20:51:36 2025] Velocidade: 249.296421, 249.296421, 249.296421
[Sun Jun  1 20:51:36 2025] Action: TURNLEFT, Power: 36
[Sun Jun  1 20:51:36 2025] Velocidade: 250.824304, 250.824304, 250.824304
[Sun Jun  1 20:51:36 2025] Velocidade: 252.360762, 252.360762, 252.360762
[Sun Jun  1 20:51:36 2025] Velocidade: 253.898544, 253.898544, 253.898544
[Sun Jun  1 20:51:36 2025] Action: TURNLEFT, Power: 36
[Sun Jun  1 20:51:36 2025] Velocidade: 255.428283, 255.428283, 255.428283
[Sun Jun  1 20:51:36 2025] Velocidade: 256.963879, 256.963879, 256.963879
[Sun Jun  1 20:51:36 2025] Velocidade: 258.490778, 258.490778, 258.490778
[Sun Jun  1 20:51:36 2025] Velocidade: 260.027606, 260.027606, 260.027606
[Sun Jun  1 20:51:36 2025] Action: TURNLEFT, Power: 36
[Sun Jun  1 20:51:37 2025] Velocidade: 261.556672, 261.556672, 261.556672
[Sun Jun  1 20:51:37 2025] Velocidade: 263.091917, 263.091917, 263.091917
[Sun Jun  1 20:51:37 2025] Velocidade: 264.618482, 264.618482, 264.618482
[Sun Jun  1 20:51:37 2025] Action: TURNLEFT, Power: 36
[Sun Jun  1 20:51:37 2025] Velocidade: 266.155566, 266.155566, 266.155566
[Sun Jun  1 20:51:37 2025] Velocidade: 267.684570, 267.684570, 267.684570
[Sun Jun  1 20:51:37 2025] Velocidade: 269.212914, 269.212914, 269.212914
[Sun Jun  1 20:51:37 2025] Action: TURNLEFT, Power: 36
[Sun Jun  1 20:51:37 2025] Velocidade: 270.749413, 270.749413, 270.749413
[Sun Jun  1 20:51:37 2025] Velocidade: 272.279505, 272.279505, 272.279505
[Sun Jun  1 20:51:37 2025] Velocidade: 273.807913, 273.807913, 273.807913
[Sun Jun  1 20:51:38 2025] Velocidade: 275.344359, 275.344359, 275.344359
[Sun Jun  1 20:51:38 2025] Action: TURNLEFT, Power: 36
[Sun Jun  1 20:51:38 2025] Velocidade: 276.871574, 276.871574, 276.871574
[Sun Jun  1 20:51:38 2025] Velocidade: 278.399842, 278.399842, 278.399842
[Sun Jun  1 20:51:38 2025] Velocidade: 279.935638, 279.935638, 279.935638
[Sun Jun  1 20:51:38 2025] Action: TURNLEFT, Power: 36
[Sun Jun  1 20:51:38 2025] Velocidade: 281.463552, 281.463552, 281.463552
[Sun Jun  1 20:51:38 2025] Velocidade: 283.000344, 283.000344, 283.000344
[Sun Jun  1 20:51:38 2025] Velocidade: 284.528397, 284.528397, 284.528397
[Sun Jun  1 20:51:38 2025] Action: TURNLEFT, Power: 36
[Sun Jun  1 20:51:38 2025] Velocidade: 286.063866, 286.063866, 286.063866
[Sun Jun  1 20:51:38 2025] Velocidade: 287.600525, 287.600525, 287.600525
[Sun Jun  1 20:51:38 2025] Velocidade: 289.128211, 289.128211, 289.128211
[Sun Jun  1 20:51:39 2025] Velocidade: 290.666195, 290.666195, 290.666195
[Sun Jun  1 20:51:39 2025] Action: TURNLEFT, Power: 36
[Sun Jun  1 20:51:39 2025] Velocidade: 292.204450, 292.204450, 292.204450
[Sun Jun  1 20:51:39 2025] Velocidade: 293.750140, 293.750140, 293.750140
[Sun Jun  1 20:51:39 2025] Velocidade: 295.278739, 295.278739, 295.278739
[Sun Jun  1 20:51:39 2025] Action: TURNLEFT, Power: 36
[Sun Jun  1 20:51:39 2025] Velocidade: 296.815025, 296.815025, 296.815025
[Sun Jun  1 20:51:39 2025] Velocidade: 298.354595, 298.354595, 298.354595
[Sun Jun  1 20:51:39 2025] Velocidade: 299.891029, 299.891029, 299.891029
[Sun Jun  1 20:51:39 2025] Action: TURNLEFT, Power: 36
[Sun Jun  1 20:51:39 2025] Velocidade: 301.428269, 301.428269, 301.428269
[Sun Jun  1 20:51:39 2025] Velocidade: 302.964691, 302.964691, 302.964691
[Sun Jun  1 20:51:40 2025] Velocidade: 304.502876, 304.502876, 304.502876
[Sun Jun  1 20:51:40 2025] Velocidade: 306.039282, 306.039282, 306.039282
[Sun Jun  1 20:51:40 2025] Action: TURNLEFT, Power: 36
[Sun Jun  1 20:51:40 2025] Velocidade: 307.578224, 307.578224, 307.578224
[Sun Jun  1 20:51:40 2025] Velocidade: 309.114362, 309.114362, 309.114362
[Sun Jun  1 20:51:40 2025] Velocidade: 310.651219, 310.651219, 310.651219
[Sun Jun  1 20:51:40 2025] Action: TURNLEFT, Power: 36
[Sun Jun  1 20:51:40 2025] Velocidade: 312.187947, 312.187947, 312.187947
[Sun Jun  1 20:51:40 2025] Velocidade: 313.729270, 313.729270, 313.729270
[Sun Jun  1 20:51:40 2025] Velocidade: 315.265724, 315.265724, 315.265724
[Sun Jun  1 20:51:40 2025] Velocidade: 316.805000, 316.805000, 316.805000
[Sun Jun  1 20:51:40 2025] Action: TURNLEFT, Power: 36
[Sun Jun  1 20:51:40 2025] Velocidade: 318.335393, 318.335393, 318.335393
[Sun Jun  1 20:51:41 2025] Velocidade: 319.870616, 319.870616, 319.870616
[Sun Jun  1 20:51:41 2025] Velocidade: 321.408528, 321.408528, 321.408528
[Sun Jun  1 20:51:41 2025] Action: TURNLEFT, Power: 36
[Sun Jun  1 20:51:41 2025] Velocidade: 322.943849, 322.943849, 322.943849
[Sun Jun  1 20:51:41 2025] Velocidade: 324.479232, 324.479232, 324.479232
[Sun Jun  1 20:51:41 2025] Velocidade: 326.022991, 326.022991, 326.022991
[Sun Jun  1 20:51:41 2025] Action: TURNLEFT, Power: 36
[Sun Jun  1 20:51:41 2025] Velocidade: 327.558185, 327.558185, 327.558185
[Sun Jun  1 20:51:41 2025] Velocidade: 329.107947, 329.107947, 329.107947
[Sun Jun  1 20:51:41 2025] Velocidade: 330.636443, 330.636443, 330.636443
[Sun Jun  1 20:51:41 2025] Velocidade: 332.173557, 332.173557, 332.173557
[Sun Jun  1 20:51:41 2025] Action: TURNLEFT, Power: 36
[Sun Jun  1 20:51:41 2025] Velocidade: 333.713243, 333.713243, 333.713243
[Sun Jun  1 20:51:42 2025] Velocidade: 335.249843, 335.249843, 335.249843
[Sun Jun  1 20:51:42 2025] Velocidade: 336.778344, 336.778344, 336.778344
[Sun Jun  1 20:51:42 2025] Action: TURNLEFT, Power: 36
[Sun Jun  1 20:51:42 2025] Velocidade: 338.315804, 338.315804, 338.315804
[Sun Jun  1 20:51:42 2025] Velocidade: 339.848424, 339.848424, 339.848424
[Sun Jun  1 20:51:42 2025] Velocidade: 341.382606, 341.382606, 341.382606
[Sun Jun  1 20:51:42 2025] Action: TURNLEFT, Power: 36
[Sun Jun  1 20:51:42 2025] Velocidade: 342.909384, 342.909384, 342.909384
[Sun Jun  1 20:51:42 2025] Velocidade: 344.438519, 344.438519, 344.438519
[Sun Jun  1 20:51:42 2025] Velocidade: 345.960810, 345.960810, 345.960810
[Sun Jun  1 20:51:42 2025] Velocidade: 347.496073, 347.496073, 347.496073
[Sun Jun  1 20:51:42 2025] Action: TURNLEFT, Power: 36
[Sun Jun  1 20:51:43 2025] Velocidade: 349.032579, 349.032579, 349.032579
[Sun Jun  1 20:51:43 2025] Velocidade: 350.573160, 350.573160, 350.573160
[Sun Jun  1 20:51:43 2025] Velocidade: 352.101085, 352.101085, 352.101085
[Sun Jun  1 20:51:43 2025] Action: TURNLEFT, Power: 36
[Sun Jun  1 20:51:43 2025] Velocidade: 353.636703, 353.636703, 353.636703
[Sun Jun  1 20:51:43 2025] Velocidade: 355.173045, 355.173045, 355.173045
[Sun Jun  1 20:51:43 2025] Velocidade: 356.713743, 356.713743, 356.713743
[Sun Jun  1 20:51:43 2025] Action: TURNLEFT, Power: 36
[Sun Jun  1 20:51:43 2025] Velocidade: 358.251069, 358.251069, 358.251069
[Sun Jun  1 20:51:43 2025] Velocidade: 359.784694, 359.784694, 359.784694
[Sun Jun  1 20:51:43 2025] Velocidade: 361.316891, 361.316891, 361.316891
[Sun Jun  1 20:51:43 2025] Velocidade: 362.852116, 362.852116, 362.852116
[Sun Jun  1 20:51:44 2025] Action: TURNLEFT, Power: 36
[Sun Jun  1 20:51:44 2025] Velocidade: 364.386827, 364.386827, 364.386827
[Sun Jun  1 20:51:44 2025] Velocidade: 365.916877, 365.916877, 365.916877
[Sun Jun  1 20:51:44 2025] Velocidade: 367.445261, 367.445261, 367.445261
[Sun Jun  1 20:51:44 2025] Action: TURNLEFT, Power: 36
[Sun Jun  1 20:51:44 2025] Velocidade: 368.980669, 368.980669, 368.980669
[Sun Jun  1 20:51:44 2025] Velocidade: 370.509440, 370.509440, 370.509440
[Sun Jun  1 20:51:44 2025] Velocidade: 372.037054, 372.037054, 372.037054
[Sun Jun  1 20:51:44 2025] Velocidade: 373.574045, 373.574045, 373.574045
[Sun Jun  1 20:51:44 2025] Action: TURNLEFT, Power: 36
[Sun Jun  1 20:51:44 2025] Velocidade: 375.106997, 375.106997, 375.106997
[Sun Jun  1 20:51:44 2025] Velocidade: 376.643386, 376.643386, 376.643386
[Sun Jun  1 20:51:45 2025] Velocidade: 378.172315, 378.172315, 378.172315
[Sun Jun  1 20:51:45 2025] Action: TURNLEFT, Power: 36
[Sun Jun  1 20:51:45 2025] Velocidade: 379.709220, 379.709220, 379.709220
[Sun Jun  1 20:51:45 2025] Velocidade: 381.242524, 381.242524, 381.242524
[Sun Jun  1 20:51:45 2025] Velocidade: 382.778680, 382.778680, 382.778680
[Sun Jun  1 20:51:45 2025] Action: TURNLEFT, Power: 36
[Sun Jun  1 20:51:45 2025] Velocidade: 384.318843, 384.318843, 384.318843
[Sun Jun  1 20:51:45 2025] Velocidade: 385.863322, 385.863322, 385.863322
[Sun Jun  1 20:51:45 2025] Velocidade: 387.402512, 387.402512, 387.402512
[Sun Jun  1 20:51:45 2025] Velocidade: 388.946654, 388.946654, 388.946654
[Sun Jun  1 20:51:45 2025] Action: TURNLEFT, Power: 36
[Sun Jun  1 20:51:45 2025] Velocidade: 390.485366, 390.485366, 390.485366
[Sun Jun  1 20:51:45 2025] Velocidade: 392.041849, 392.041849, 392.041849
[Sun Jun  1 20:51:46 2025] Velocidade: 393.596536, 393.596536, 393.596536
[Sun Jun  1 20:51:46 2025] Action: TURNLEFT, Power: 36
[Sun Jun  1 20:51:46 2025] Velocidade: 395.158693, 395.158693, 395.158693
[Sun Jun  1 20:51:46 2025] Velocidade: 396.693425, 396.693425, 396.693425
[Sun Jun  1 20:51:46 2025] Velocidade: 398.228128, 398.228128, 398.228128
[Sun Jun  1 20:51:46 2025] Action: TURNLEFT, Power: 36
[Sun Jun  1 20:51:46 2025] Velocidade: 399.755096, 399.755096, 399.755096
[Sun Jun  1 20:51:46 2025] Velocidade: 401.291019, 401.291019, 401.291019
[Sun Jun  1 20:51:46 2025] Velocidade: 402.828027, 402.828027, 402.828027
[Sun Jun  1 20:51:46 2025] Velocidade: 404.359771, 404.359771, 404.359771
[Sun Jun  1 20:51:46 2025] Action: TURNLEFT, Power: 36
[Sun Jun  1 20:51:46 2025] Velocidade: 405.894680, 405.894680, 405.894680
[Sun Jun  1 20:51:46 2025] Velocidade: 407.426332, 407.426332, 407.426332
[Sun Jun  1 20:51:47 2025] Velocidade: 408.953708, 408.953708, 408.953708
[Sun Jun  1 20:51:47 2025] Action: TURNLEFT, Power: 36
[Sun Jun  1 20:51:47 2025] Velocidade: 410.489732, 410.489732, 410.489732
[Sun Jun  1 20:51:47 2025] Velocidade: 412.021095, 412.021095, 412.021095
[Sun Jun  1 20:51:47 2025] Velocidade: 413.555683, 413.555683, 413.555683
[Sun Jun  1 20:51:47 2025] Action: TURNLEFT, Power: 36
[Sun Jun  1 20:51:47 2025] Velocidade: 415.091598, 415.091598, 415.091598
[Sun Jun  1 20:51:47 2025] Velocidade: 416.627693, 416.627693, 416.627693
[Sun Jun  1 20:51:47 2025] Velocidade: 418.156433, 418.156433, 418.156433
[Sun Jun  1 20:51:47 2025] Velocidade: 419.691718, 419.691718, 419.691718
[Sun Jun  1 20:51:47 2025] Action: TURNLEFT, Power: 36
[Sun Jun  1 20:51:47 2025] Velocidade: 421.221265, 421.221265, 421.221265
[Sun Jun  1 20:51:48 2025] Velocidade: 422.757272, 422.757272, 422.757272
[Sun Jun  1 20:51:48 2025] Velocidade: 424.284576, 424.284576, 424.284576
[Sun Jun  1 20:51:48 2025] Action: TURNLEFT, Power: 36
[Sun Jun  1 20:51:48 2025] Velocidade: 425.821144, 425.821144, 425.821144
[Sun Jun  1 20:51:48 2025] Velocidade: 427.349780, 427.349780, 427.349780
[Sun Jun  1 20:51:48 2025] Velocidade: 428.876123, 428.876123, 428.876123
[Sun Jun  1 20:51:48 2025] Velocidade: 430.412511, 430.412511, 430.412511
[Sun Jun  1 20:51:48 2025] Action: TURNLEFT, Power: 36
[Sun Jun  1 20:51:48 2025] Velocidade: 431.940339, 431.940339, 431.940339
[Sun Jun  1 20:51:48 2025] Velocidade: 433.478979, 433.478979, 433.478979
[Sun Jun  1 20:51:48 2025] Velocidade: 435.017227, 435.017227, 435.017227
[Sun Jun  1 20:51:48 2025] Action: TURNLEFT, Power: 36
[Sun Jun  1 20:51:48 2025] Velocidade: 436.547010, 436.547010, 436.547010
[Sun Jun  1 20:51:49 2025] Velocidade: 438.084787, 438.084787, 438.084787
[Sun Jun  1 20:51:49 2025] Velocidade: 439.612701, 439.612701, 439.612701
[Sun Jun  1 20:51:49 2025] Action: TURNLEFT, Power: 36
[Sun Jun  1 20:51:49 2025] Velocidade: 441.148933, 441.148933, 441.148933
[Sun Jun  1 20:51:49 2025] Velocidade: 442.686210, 442.686210, 442.686210
[Sun Jun  1 20:51:49 2025] Velocidade: 444.221103, 444.221103, 444.221103
[Sun Jun  1 20:51:49 2025] Velocidade: 445.748268, 445.748268, 445.748268
[Sun Jun  1 20:51:49 2025] Action: TURNLEFT, Power: 36
[Sun Jun  1 20:51:49 2025] Velocidade: 447.283847, 447.283847, 447.283847
[Sun Jun  1 20:51:49 2025] Velocidade: 448.815756, 448.815756, 448.815756
[Sun Jun  1 20:51:49 2025] Velocidade: 450.353256, 450.353256, 450.353256
[Sun Jun  1 20:51:49 2025] Action: TURNLEFT, Power: 36
[Sun Jun  1 20:51:50 2025] Velocidade: 451.890091, 451.890091, 451.890091
[Sun Jun  1 20:51:50 2025] Velocidade: 453.418094, 453.418094, 453.418094
[Sun Jun  1 20:51:50 2025] Velocidade: 454.953086, 454.953086, 454.953086
[Sun Jun  1 20:51:50 2025] Action: TURNLEFT, Power: 36
[Sun Jun  1 20:51:50 2025] Velocidade: 456.493447, 456.493447, 456.493447
[Sun Jun  1 20:51:50 2025] Velocidade: 458.029852, 458.029852, 458.029852
[Sun Jun  1 20:51:50 2025] Velocidade: 459.557736, 459.557736, 459.557736
[Sun Jun  1 20:51:50 2025] Velocidade: 461.092813, 461.092813, 461.092813
[Sun Jun  1 20:51:50 2025] Action: TURNLEFT, Power: 36
[Sun Jun  1 20:51:50 2025] Velocidade: 462.619414, 462.619414, 462.619414
[Sun Jun  1 20:51:50 2025] Velocidade: 464.154766, 464.154766, 464.154766
[Sun Jun  1 20:51:50 2025] Velocidade: 465.682115, 465.682115, 465.682115
[Sun Jun  1 20:51:51 2025] Action: TURNLEFT, Power: 36
[Sun Jun  1 20:51:51 2025] Velocidade: 467.237065, 467.237065, 467.237065
[Sun Jun  1 20:51:51 2025] Velocidade: 468.774589, 468.774589, 468.774589
[Sun Jun  1 20:51:51 2025] Velocidade: 470.303042, 470.303042, 470.303042
[Sun Jun  1 20:51:51 2025] Velocidade: 471.838586, 471.838586, 471.838586
[Sun Jun  1 20:51:51 2025] Action: TURNLEFT, Power: 36
[Sun Jun  1 20:51:51 2025] Velocidade: 473.375931, 473.375931, 473.375931
[Sun Jun  1 20:51:51 2025] Velocidade: 474.912985, 474.912985, 474.912985
[Sun Jun  1 20:51:51 2025] Velocidade: 476.446042, 476.446042, 476.446042
[Sun Jun  1 20:51:51 2025] Action: TURNLEFT, Power: 36
[Sun Jun  1 20:51:51 2025] Velocidade: 477.993072, 477.993072, 477.993072
[Sun Jun  1 20:51:51 2025] Velocidade: 479.527776, 479.527776, 479.527776
[Sun Jun  1 20:51:51 2025] Velocidade: 481.063921, 481.063921, 481.063921
[Sun Jun  1 20:51:52 2025] Action: TURNLEFT, Power: 36
[Sun Jun  1 20:51:52 2025] Velocidade: 482.614098, 482.614098, 482.614098
[Sun Jun  1 20:51:52 2025] Velocidade: 484.167806, 484.167806, 484.167806
[Sun Jun  1 20:51:52 2025] Velocidade: 485.701646, 485.701646, 485.701646
[Sun Jun  1 20:51:52 2025] Velocidade: 487.234371, 487.234371, 487.234371
[Sun Jun  1 20:51:52 2025] Action: TURNLEFT, Power: 36
[Sun Jun  1 20:51:52 2025] Velocidade: 488.770459, 488.770459, 488.770459
[Sun Jun  1 20:51:52 2025] Velocidade: 490.306308, 490.306308, 490.306308
[Sun Jun  1 20:51:52 2025] Velocidade: 491.842041, 491.842041, 491.842041
[Sun Jun  1 20:51:52 2025] Action: TURNLEFT, Power: 36
[Sun Jun  1 20:51:52 2025] Velocidade: 493.369567, 493.369567, 493.369567
[Sun Jun  1 20:51:52 2025] Velocidade: 494.904502, 494.904502, 494.904502
[Sun Jun  1 20:51:53 2025] Velocidade: 496.439173, 496.439173, 496.439173
[Sun Jun  1 20:51:53 2025] Action: TURNLEFT, Power: 36
[Sun Jun  1 20:51:53 2025] Velocidade: 497.974767, 497.974767, 497.974767
[Sun Jun  1 20:51:53 2025] Velocidade: 499.513497, 499.513497, 499.513497
[Sun Jun  1 20:51:53 2025] Velocidade: 501.056548, 501.056548, 501.056548
[Sun Jun  1 20:51:53 2025] Velocidade: 502.593560, 502.593560, 502.593560
[Sun Jun  1 20:51:53 2025] Action: TURNLEFT, Power: 36
[Sun Jun  1 20:51:53 2025] Velocidade: 504.126759, 504.126759, 504.126759
[Sun Jun  1 20:51:53 2025] Velocidade: 505.664571, 505.664571, 505.664571
[Sun Jun  1 20:51:53 2025] Velocidade: 507.207122, 507.207122, 507.207122
[Sun Jun  1 20:51:53 2025] Action: TURNLEFT, Power: 36
[Sun Jun  1 20:51:53 2025] Velocidade: 508.747678, 508.747678, 508.747678
[Sun Jun  1 20:51:53 2025] Velocidade: 510.286659, 510.286659, 510.286659
[Sun Jun  1 20:51:54 2025] Velocidade: 511.825464, 511.825464, 511.825464
[Sun Jun  1 20:51:54 2025] Action: TURNLEFT, Power: 36
[Sun Jun  1 20:51:54 2025] Velocidade: 513.362545, 513.362545, 513.362545
[Sun Jun  1 20:51:54 2025] Velocidade: 514.896895, 514.896895, 514.896895
[Sun Jun  1 20:51:54 2025] Velocidade: 516.420983, 516.420983, 516.420983
